{"numTotalTestSuites":16,"numPassedTestSuites":16,"numFailedTestSuites":0,"numPendingTestSuites":0,"numTotalTests":30,"numPassedTests":30,"numFailedTests":0,"numPendingTests":0,"numTodoTests":0,"startTime":1775680326353,"success":true,"testResults":[{"assertionResults":[{"ancestorTitles":["","ComparisonSection"],"fullName":" ComparisonSection renders all comparison rows","status":"passed","title":"renders all comparison rows","duration":127,"failureMessages":[]},{"ancestorTitles":["","ComparisonSection"],"fullName":" ComparisonSection renders the Growthovo column header","status":"passed","title":"renders the Growthovo column header","duration":48,"failureMessages":[]},{"ancestorTitles":["","ComparisonSection"],"fullName":" ComparisonSection renders the Agenții column header","status":"passed","title":"renders the Agenții column header","duration":65,"failureMessages":[]},{"ancestorTitles":["","ComparisonSection"],"fullName":" ComparisonSection Property 4: all rows present and Growthovo values differ from agency values","status":"passed","title":"Property 4: all rows present and Growthovo values differ from agency values","duration":1886,"failureMessages":[]}],"startTime":1775680332903,"endTime":1775680335029,"status":"passed","message":"","name":"D:/growthovo agency/growthovo-media/__tests__/ComparisonSection.test.tsx"},{"assertionResults":[{"ancestorTitles":["","ContactSection - form fields"],"fullName":" ContactSection - form fields renders all three required fields","status":"passed","title":"renders all three required fields","duration":125,"failureMessages":[]},{"ancestorTitles":["","ContactSection - form fields"],"fullName":" ContactSection - form fields renders the submit button with correct label","status":"passed","title":"renders the submit button with correct label","duration":127,"failureMessages":[]},{"ancestorTitles":["","ContactSection - form fields"],"fullName":" ContactSection - form fields shows error when submitting with empty name","status":"passed","title":"shows error when submitting with empty name","duration":68,"failureMessages":[]},{"ancestorTitles":["","ContactSection - form fields"],"fullName":" ContactSection - form fields shows error when submitting with empty email","status":"passed","title":"shows error when submitting with empty email","duration":39,"failureMessages":[]},{"ancestorTitles":["","ContactSection - form fields"],"fullName":" ContactSection - form fields shows error when submitting with invalid email","status":"passed","title":"shows error when submitting with invalid email","duration":54,"failureMessages":[]},{"ancestorTitles":["","Property 1: Form rejects empty required fields"],"fullName":" Property 1: Form rejects empty required fields validateContactForm returns errors for any whitespace-only fields","status":"passed","title":"validateContactForm returns errors for any whitespace-only fields","duration":34,"failureMessages":[]},{"ancestorTitles":["","Property 2: Email format validation"],"fullName":" Property 2: Email format validation accepts valid email addresses","status":"passed","title":"accepts valid email addresses","duration":34,"failureMessages":[]},{"ancestorTitles":["","Property 2: Email format validation"],"fullName":" Property 2: Email format validation rejects strings without @ symbol","status":"passed","title":"rejects strings without @ symbol","duration":7,"failureMessages":[]},{"ancestorTitles":["","Property 2: Email format validation"],"fullName":" Property 2: Email format validation rejects strings without domain part","status":"passed","title":"rejects strings without domain part","duration":15,"failureMessages":[]}],"startTime":1775680331689,"endTime":1775680332194,"status":"passed","message":"","name":"D:/growthovo agency/growthovo-media/__tests__/ContactForm.test.tsx"},{"assertionResults":[{"ancestorTitles":["","HeroSection"],"fullName":" HeroSection renders the main UVP title","status":"passed","title":"renders the main UVP title","duration":263,"failureMessages":[]},{"ancestorTitles":["","HeroSection"],"fullName":" HeroSection renders the sub-headline","status":"passed","title":"renders the sub-headline","duration":23,"failureMessages":[]},{"ancestorTitles":["","HeroSection"],"fullName":" HeroSection renders the primary CTA button with WhatsApp href","status":"passed","title":"renders the primary CTA button with WhatsApp href","duration":18,"failureMessages":[]},{"ancestorTitles":["","HeroSection"],"fullName":" HeroSection renders the 800 RON price mention","status":"passed","title":"renders the 800 RON price mention","duration":21,"failureMessages":[]}],"startTime":1775680330938,"endTime":1775680331263,"status":"passed","message":"","name":"D:/growthovo agency/growthovo-media/__tests__/HeroSection.test.tsx"},{"assertionResults":[{"ancestorTitles":["","Navigation"],"fullName":" Navigation renders the brand name","status":"passed","title":"renders the brand name","duration":115,"failureMessages":[]},{"ancestorTitles":["","Navigation"],"fullName":" Navigation renders all anchor links","status":"passed","title":"renders all anchor links","duration":28,"failureMessages":[]},{"ancestorTitles":["","Navigation"],"fullName":" Navigation renders the CTA button with correct href","status":"passed","title":"renders the CTA button with correct href","duration":168,"failureMessages":[]},{"ancestorTitles":["","Navigation"],"fullName":" Navigation renders hamburger button for mobile","status":"passed","title":"renders hamburger button for mobile","duration":9,"failureMessages":[]}],"startTime":1775680332416,"endTime":1775680332736,"status":"passed","message":"","name":"D:/growthovo agency/growthovo-media/__tests__/Navigation.test.tsx"},{"assertionResults":[{"ancestorTitles":["","ServicesSection"],"fullName":" ServicesSection renders at least 4 service cards","status":"passed","title":"renders at least 4 service cards","duration":138,"failureMessages":[]},{"ancestorTitles":["","ServicesSection"],"fullName":" ServicesSection renders exactly as many cards as SERVICES constant","status":"passed","title":"renders exactly as many cards as SERVICES constant","duration":26,"failureMessages":[]},{"ancestorTitles":["","ServicesSection"],"fullName":" ServicesSection Property 3: every service card has a title and description","status":"passed","title":"Property 3: every service card has a title and description","duration":1827,"failureMessages":[]}],"startTime":1775680332734,"endTime":1775680334725,"status":"passed","message":"","name":"D:/growthovo agency/growthovo-media/__tests__/ServicesSection.test.tsx"},{"assertionResults":[{"ancestorTitles":["","WhatsAppButton"],"fullName":" WhatsAppButton renders the WhatsApp button","status":"passed","title":"renders the WhatsApp button","duration":95,"failureMessages":[]},{"ancestorTitles":["","WhatsAppButton"],"fullName":" WhatsAppButton has the correct WhatsApp href","status":"passed","title":"has the correct WhatsApp href","duration":15,"failureMessages":[]},{"ancestorTitles":["","WhatsAppButton"],"fullName":" WhatsAppButton opens in a new tab (target=_blank)","status":"passed","title":"opens in a new tab (target=_blank)","duration":8,"failureMessages":[]},{"ancestorTitles":["","WhatsAppButton"],"fullName":" WhatsAppButton has accessible label","status":"passed","title":"has accessible label","duration":8,"failureMessages":[]}],"startTime":1775680330936,"endTime":1775680331062,"status":"passed","message":"","name":"D:/growthovo agency/growthovo-media/__tests__/WhatsAppButton.test.tsx"},{"assertionResults":[{"ancestorTitles":["","WhatsApp links - Property 3"],"fullName":" WhatsApp links - Property 3 OfferSection: WhatsApp CTA opens in new tab with correct href","status":"passed","title":"OfferSection: WhatsApp CTA opens in new tab with correct href","duration":1634,"failureMessages":[]},{"ancestorTitles":["","WhatsApp links - Property 3"],"fullName":" WhatsApp links - Property 3 HeroSection: WhatsApp CTA opens in new tab with correct href","status":"passed","title":"HeroSection: WhatsApp CTA opens in new tab with correct href","duration":960,"failureMessages":[]}],"startTime":1775680331673,"endTime":1775680334267,"status":"passed","message":"","name":"D:/growthovo agency/growthovo-media/__tests__/WhatsAppLinks.test.tsx"}]}